app/build/intermediates/manifest_merge_blame_file/release/processReleaseMainManifest/manifest-merger-blame-release-report.txt
1<?xml version="1.0" encoding="utf-8"?>
2<manifest xmlns:android="http://schemas.android.com/apk/res/android"
3    package="org.sm0ke.devtoolsopener"
4    android:versionCode="1"
5    android:versionName="1.0" >
6
7    <uses-sdk
8        android:minSdkVersion="21"
9        android:targetSdkVersion="34" />
10
11    <uses-permission android:name="android.permission.ACCESS_NETWORK_STATE" />
11-->src\main\AndroidManifest.xml:3:5-79
11-->src\main\AndroidManifest.xml:3:22-76
12    <uses-permission android:name="android.permission.ACCESS_WIFI_STATE" />
12-->src\main\AndroidManifest.xml:4:5-76
12-->src\main\AndroidManifest.xml:4:22-73
13
14    <queries>
14-->src\main\AndroidManifest.xml:5:5-7:15
15        <package android:name="com.android.settings" />
15-->src\main\AndroidManifest.xml:6:9-56
15-->src\main\AndroidManifest.xml:6:18-53
16    </queries>
17
18    <permission
18-->[androidx.core:core:1.13.1] AndroidManifest.xml:22:5-24:47
19        android:name="org.sm0ke.devtoolsopener.DYNAMIC_RECEIVER_NOT_EXPORTED_PERMISSION"
19-->[androidx.core:core:1.13.1] AndroidManifest.xml:23:9-81
20        android:protectionLevel="signature" />
20-->[androidx.core:core:1.13.1] AndroidManifest.xml:24:9-44
21
22    <uses-permission android:name="org.sm0ke.devtoolsopener.DYNAMIC_RECEIVER_NOT_EXPORTED_PERMISSION" />
22-->[androidx.core:core:1.13.1] AndroidManifest.xml:26:5-97
22-->[androidx.core:core:1.13.1] AndroidManifest.xml:26:22-94
23
24    <application
24-->src\main\AndroidManifest.xml:8:5-19:19
25        android:appComponentFactory="androidx.core.app.CoreComponentFactory"
25-->[androidx.core:core:1.13.1] AndroidManifest.xml:28:18-86
26        android:extractNativeLibs="true"
27        android:label="@string/app_name"
27-->src\main\AndroidManifest.xml:9:9-41
28        android:theme="@android:style/Theme.DeviceDefault" >
28-->src\main\AndroidManifest.xml:10:9-59
29        <activity
29-->src\main\AndroidManifest.xml:11:9-18:20
30            android:name="com.example.devtoolsopener.MainActivity"
30-->src\main\AndroidManifest.xml:12:13-41
31            android:exported="true" >
31-->src\main\AndroidManifest.xml:13:13-36
32            <intent-filter>
32-->src\main\AndroidManifest.xml:14:13-17:29
33                <action android:name="android.intent.action.MAIN" />
33-->src\main\AndroidManifest.xml:15:17-69
33-->src\main\AndroidManifest.xml:15:25-66
34
35                <category android:name="android.intent.category.LAUNCHER" />
35-->src\main\AndroidManifest.xml:16:17-77
35-->src\main\AndroidManifest.xml:16:27-74
36            </intent-filter>
37        </activity>
38
39        <provider
39-->[androidx.profileinstaller:profileinstaller:1.3.1] AndroidManifest.xml:24:9-32:20
40            android:name="androidx.startup.InitializationProvider"
40-->[androidx.profileinstaller:profileinstaller:1.3.1] AndroidManifest.xml:25:13-67
41            android:authorities="org.sm0ke.devtoolsopener.androidx-startup"
41-->[androidx.profileinstaller:profileinstaller:1.3.1] AndroidManifest.xml:26:13-68
42            android:exported="false" >
42-->[androidx.profileinstaller:profileinstaller:1.3.1] AndroidManifest.xml:27:13-37
43            <meta-data
43-->[androidx.profileinstaller:profileinstaller:1.3.1] AndroidManifest.xml:29:13-31:52
44                android:name="androidx.profileinstaller.ProfileInstallerInitializer"
44-->[androidx.profileinstaller:profileinstaller:1.3.1] AndroidManifest.xml:30:17-85
45                android:value="androidx.startup" />
45-->[androidx.profileinstaller:profileinstaller:1.3.1] AndroidManifest.xml:31:17-49
46        </provider>
47
48        <receiver
48-->[androidx.profileinstaller:profileinstaller:1.3.1] AndroidManifest.xml:34:9-52:20
49            android:name="androidx.profileinstaller.ProfileInstallReceiver"
49-->[androidx.profileinstaller:profileinstaller:1.3.1] AndroidManifest.xml:35:13-76
50            android:directBootAware="false"
50-->[androidx.profileinstaller:profileinstaller:1.3.1] AndroidManifest.xml:36:13-44
51            android:enabled="true"
51-->[androidx.profileinstaller:profileinstaller:1.3.1] AndroidManifest.xml:37:13-35
52            android:exported="true"
52-->[androidx.profileinstaller:profileinstaller:1.3.1] AndroidManifest.xml:38:13-36
53            android:permission="android.permission.DUMP" >
53-->[androidx.profileinstaller:profileinstaller:1.3.1] AndroidManifest.xml:39:13-57
54            <intent-filter>
54-->[androidx.profileinstaller:profileinstaller:1.3.1] AndroidManifest.xml:40:13-42:29
55                <action android:name="androidx.profileinstaller.action.INSTALL_PROFILE" />
55-->[androidx.profileinstaller:profileinstaller:1.3.1] AndroidManifest.xml:41:17-91
55-->[androidx.profileinstaller:profileinstaller:1.3.1] AndroidManifest.xml:41:25-88
56            </intent-filter>
57            <intent-filter>
57-->[androidx.profileinstaller:profileinstaller:1.3.1] AndroidManifest.xml:43:13-45:29
58                <action android:name="androidx.profileinstaller.action.SKIP_FILE" />
58-->[androidx.profileinstaller:profileinstaller:1.3.1] AndroidManifest.xml:44:17-85
58-->[androidx.profileinstaller:profileinstaller:1.3.1] AndroidManifest.xml:44:25-82
59            </intent-filter>
60            <intent-filter>
60-->[androidx.profileinstaller:profileinstaller:1.3.1] AndroidManifest.xml:46:13-48:29
61                <action android:name="androidx.profileinstaller.action.SAVE_PROFILE" />
61-->[androidx.profileinstaller:profileinstaller:1.3.1] AndroidManifest.xml:47:17-88
61-->[androidx.profileinstaller:profileinstaller:1.3.1] AndroidManifest.xml:47:25-85
62            </intent-filter>
63            <intent-filter>
63-->[androidx.profileinstaller:profileinstaller:1.3.1] AndroidManifest.xml:49:13-51:29
64                <action android:name="androidx.profileinstaller.action.BENCHMARK_OPERATION" />
64-->[androidx.profileinstaller:profileinstaller:1.3.1] AndroidManifest.xml:50:17-95
64-->[androidx.profileinstaller:profileinstaller:1.3.1] AndroidManifest.xml:50:25-92
65            </intent-filter>
66        </receiver>
67    </application>
68
69</manifest>